Determining if the pthread_create exist failed with the following output:
Change Dir: /home/hmx/RepairORB/Examples/ROS/ORB_Repair/build/CMakeFiles/CMakeTmp

Run Build Command:/usr/bin/make "cmTryCompileExec2437786953/fast"
/usr/bin/make -f CMakeFiles/cmTryCompileExec2437786953.dir/build.make CMakeFiles/cmTryCompileExec2437786953.dir/build
make[1]: Entering directory `/home/hmx/RepairORB/Examples/ROS/ORB_Repair/build/CMakeFiles/CMakeTmp'
/usr/bin/cmake -E cmake_progress_report /home/hmx/RepairORB/Examples/ROS/ORB_Repair/build/CMakeFiles/CMakeTmp/CMakeFiles 1
Building C object CMakeFiles/cmTryCompileExec2437786953.dir/CheckSymbolExists.c.o
/usr/bin/cc    -o CMakeFiles/cmTryCompileExec2437786953.dir/CheckSymbolExists.c.o   -c /home/hmx/RepairORB/Examples/ROS/ORB_Repair/build/CMakeFiles/CMakeTmp/CheckSymbolExists.c
Linking C executable cmTryCompileExec2437786953
/usr/bin/cmake -E cmake_link_script CMakeFiles/cmTryCompileExec2437786953.dir/link.txt --verbose=1
/usr/bin/cc       CMakeFiles/cmTryCompileExec2437786953.dir/CheckSymbolExists.c.o  -o cmTryCompileExec2437786953 -rdynamic 
CMakeFiles/cmTryCompileExec2437786953.dir/CheckSymbolExists.c.o: In function `main':
CheckSymbolExists.c:(.text+0x16): undefined reference to `pthread_create'
collect2: error: ld returned 1 exit status
make[1]: Leaving directory `/home/hmx/RepairORB/Examples/ROS/ORB_Repair/build/CMakeFiles/CMakeTmp'
make[1]: *** [cmTryCompileExec2437786953] Error 1
make: *** [cmTryCompileExec2437786953/fast] Error 2

File /home/hmx/RepairORB/Examples/ROS/ORB_Repair/build/CMakeFiles/CMakeTmp/CheckSymbolExists.c:
/* */
#include <pthread.h>

int main(int argc, char** argv)
{
  (void)argv;
#ifndef pthread_create
  return ((int*)(&pthread_create))[argc];
#else
  (void)argc;
  return 0;
#endif
}

Determining if the function pthread_create exists in the pthreads failed with the following output:
Change Dir: /home/hmx/RepairORB/Examples/ROS/ORB_Repair/build/CMakeFiles/CMakeTmp

Run Build Command:/usr/bin/make "cmTryCompileExec4262021958/fast"
/usr/bin/make -f CMakeFiles/cmTryCompileExec4262021958.dir/build.make CMakeFiles/cmTryCompileExec4262021958.dir/build
make[1]: Entering directory `/home/hmx/RepairORB/Examples/ROS/ORB_Repair/build/CMakeFiles/CMakeTmp'
/usr/bin/cmake -E cmake_progress_report /home/hmx/RepairORB/Examples/ROS/ORB_Repair/build/CMakeFiles/CMakeTmp/CMakeFiles 1
Building C object CMakeFiles/cmTryCompileExec4262021958.dir/CheckFunctionExists.c.o
/usr/bin/cc   -DCHECK_FUNCTION_EXISTS=pthread_create   -o CMakeFiles/cmTryCompileExec4262021958.dir/CheckFunctionExists.c.o   -c /usr/share/cmake-2.8/Modules/CheckFunctionExists.c
Linking C executable cmTryCompileExec4262021958
/usr/bin/cmake -E cmake_link_script CMakeFiles/cmTryCompileExec4262021958.dir/link.txt --verbose=1
/usr/bin/cc   -DCHECK_FUNCTION_EXISTS=pthread_create    CMakeFiles/cmTryCompileExec4262021958.dir/CheckFunctionExists.c.o  -o cmTryCompileExec4262021958 -rdynamic -lpthreads 
/usr/bin/ld: cannot find -lpthreads
collect2: error: ld returned 1 exit status
make[1]: *** [cmTryCompileExec4262021958] Error 1
make[1]: Leaving directory `/home/hmx/RepairORB/Examples/ROS/ORB_Repair/build/CMakeFiles/CMakeTmp'
make: *** [cmTryCompileExec4262021958/fast] Error 2


